# JRE version: Java(TM) SE Runtime Environment (21.0.5+9) (build 21.0.5+9-LTS-239)
# Java VM: Java HotSpot(TM) 64-Bit Server VM (21.0.5+9-LTS-239, mixed mode, sharing, tiered, compressed oops, compressed class ptrs, g1 gc, windows-amd64)
GC Precious Log:
 CardTable entry size: 512
 Card Set container configuration: InlinePtr #cards 4 size 8 Array Of Cards #cards 16 size 48 Howl #buckets 8 coarsen threshold 3686 Howl Bitmap #cards 512 size 80 coarsen threshold 460 Card regions per heap region 1 cards per card region 4096
 CPUs: 8 total, 8 available
 Memory: 16026M
 Large Page Support: Disabled
 NUMA Support: Disabled
 Compressed Oops: Enabled (Zero based)
 Heap Region Size: 2M
 Heap Min Capacity: 8M
 Heap Initial Capacity: 252M
 Heap Max Capacity: 4008M
 Pre-touch: Disabled
 Parallel Workers: 8
 Concurrent Workers: 2
 Concurrent Refinement Workers: 8
 Periodic GC: Disabled
Heap:
 garbage-first heap   total 90112K, used 55326K [0x0000000705800000, 0x0000000800000000)
  region size 2048K, 7 young (14336K), 1 survivors (2048K)
 Metaspace       used 96791K, committed 97600K, reserved 1179648K
  class space    used 12498K, committed 12864K, reserved 1048576K
GC Heap History (20 events):
Event: 143.693 GC heap before
{Heap before GC invocations=118 (full 0):
 garbage-first heap   total 90112K, used 77834K [0x0000000705800000, 0x0000000800000000)
  region size 2048K, 18 young (36864K), 1 survivors (2048K)
 Metaspace       used 96791K, committed 97600K, reserved 1179648K
  class space    used 12498K, committed 12864K, reserved 1048576K
}
Event: 143.694 GC heap after
{Heap after GC invocations=119 (full 0):
 garbage-first heap   total 90112K, used 45086K [0x0000000705800000, 0x0000000800000000)
  region size 2048K, 1 young (2048K), 1 survivors (2048K)
 Metaspace       used 96791K, committed 97600K, reserved 1179648K
  class space    used 12498K, committed 12864K, reserved 1048576K
}
Event: 144.092 GC heap before
{Heap before GC invocations=119 (full 0):
 garbage-first heap   total 90112K, used 79902K [0x0000000705800000, 0x0000000800000000)
  region size 2048K, 18 young (36864K), 1 survivors (2048K)
 Metaspace       used 96791K, committed 97600K, reserved 1179648K
  class space    used 12498K, committed 12864K, reserved 1048576K
}
Event: 144.093 GC heap after
{Heap after GC invocations=120 (full 0):
 garbage-first heap   total 90112K, used 45068K [0x0000000705800000, 0x0000000800000000)
  region size 2048K, 1 young (2048K), 1 survivors (2048K)
 Metaspace       used 96791K, committed 97600K, reserved 1179648K
  class space    used 12498K, committed 12864K, reserved 1048576K
}
Event: 144.858 GC heap before
{Heap before GC invocations=121 (full 0):
 garbage-first heap   total 90112K, used 77836K [0x0000000705800000, 0x0000000800000000)
  region size 2048K, 18 young (36864K), 1 survivors (2048K)
 Metaspace       used 96791K, committed 97600K, reserved 1179648K
  class space    used 12498K, committed 12864K, reserved 1048576K
}
Event: 144.859 GC heap after
{Heap after GC invocations=122 (full 0):
 garbage-first heap   total 90112K, used 45062K [0x0000000705800000, 0x0000000800000000)
  region size 2048K, 1 young (2048K), 1 survivors (2048K)
 Metaspace       used 96791K, committed 97600K, reserved 1179648K
  class space    used 12498K, committed 12864K, reserved 1048576K
}
Event: 145.368 GC heap before
{Heap before GC invocations=122 (full 0):
 garbage-first heap   total 90112K, used 79878K [0x0000000705800000, 0x0000000800000000)
  region size 2048K, 18 young (36864K), 1 survivors (2048K)
 Metaspace       used 96791K, committed 97600K, reserved 1179648K
  class space    used 12498K, committed 12864K, reserved 1048576K
}
Event: 145.369 GC heap after
{Heap after GC invocations=123 (full 0):
 garbage-first heap   total 90112K, used 45074K [0x0000000705800000, 0x0000000800000000)
  region size 2048K, 1 young (2048K), 1 survivors (2048K)
 Metaspace       used 96791K, committed 97600K, reserved 1179648K
  class space    used 12498K, committed 12864K, reserved 1048576K
}
Event: 145.846 GC heap before
{Heap before GC invocations=124 (full 0):
 garbage-first heap   total 90112K, used 79890K [0x0000000705800000, 0x0000000800000000)
  region size 2048K, 18 young (36864K), 1 survivors (2048K)
 Metaspace       used 96791K, committed 97600K, reserved 1179648K
  class space    used 12498K, committed 12864K, reserved 1048576K
}
Event: 145.847 GC heap after
{Heap after GC invocations=125 (full 0):
 garbage-first heap   total 90112K, used 45070K [0x0000000705800000, 0x0000000800000000)
  region size 2048K, 1 young (2048K), 1 survivors (2048K)
 Metaspace       used 96791K, committed 97600K, reserved 1179648K
  class space    used 12498K, committed 12864K, reserved 1048576K
}
Event: 146.266 GC heap before
{Heap before GC invocations=125 (full 0):
 garbage-first heap   total 90112K, used 79886K [0x0000000705800000, 0x0000000800000000)
  region size 2048K, 18 young (36864K), 1 survivors (2048K)
 Metaspace       used 96791K, committed 97600K, reserved 1179648K
  class space    used 12498K, committed 12864K, reserved 1048576K
}
Event: 146.267 GC heap after
{Heap after GC invocations=126 (full 0):
 garbage-first heap   total 90112K, used 45084K [0x0000000705800000, 0x0000000800000000)
  region size 2048K, 1 young (2048K), 1 survivors (2048K)
 Metaspace       used 96791K, committed 97600K, reserved 1179648K
  class space    used 12498K, committed 12864K, reserved 1048576K
}
Event: 146.782 GC heap before
{Heap before GC invocations=127 (full 0):
 garbage-first heap   total 90112K, used 77852K [0x0000000705800000, 0x0000000800000000)
  region size 2048K, 18 young (36864K), 1 survivors (2048K)
 Metaspace       used 96791K, committed 97600K, reserved 1179648K
  class space    used 12498K, committed 12864K, reserved 1048576K
}
Event: 146.782 GC heap after
{Heap after GC invocations=128 (full 0):
 garbage-first heap   total 90112K, used 45074K [0x0000000705800000, 0x0000000800000000)
  region size 2048K, 1 young (2048K), 1 survivors (2048K)
 Metaspace       used 96791K, committed 97600K, reserved 1179648K
  class space    used 12498K, committed 12864K, reserved 1048576K
}
Event: 147.266 GC heap before
{Heap before GC invocations=128 (full 0):
 garbage-first heap   total 90112K, used 77842K [0x0000000705800000, 0x0000000800000000)
  region size 2048K, 18 young (36864K), 1 survivors (2048K)
 Metaspace       used 96791K, committed 97600K, reserved 1179648K
  class space    used 12498K, committed 12864K, reserved 1048576K
}
Event: 147.267 GC heap after
{Heap after GC invocations=129 (full 0):
 garbage-first heap   total 90112K, used 45094K [0x0000000705800000, 0x0000000800000000)
  region size 2048K, 1 young (2048K), 1 survivors (2048K)
 Metaspace       used 96791K, committed 97600K, reserved 1179648K
  class space    used 12498K, committed 12864K, reserved 1048576K
}
Event: 147.647 GC heap before
{Heap before GC invocations=130 (full 0):
 garbage-first heap   total 90112K, used 79910K [0x0000000705800000, 0x0000000800000000)
  region size 2048K, 18 young (36864K), 1 survivors (2048K)
 Metaspace       used 96791K, committed 97600K, reserved 1179648K
  class space    used 12498K, committed 12864K, reserved 1048576K
}
Event: 147.647 GC heap after
{Heap after GC invocations=131 (full 0):
 garbage-first heap   total 90112K, used 45094K [0x0000000705800000, 0x0000000800000000)
  region size 2048K, 1 young (2048K), 1 survivors (2048K)
 Metaspace       used 96791K, committed 97600K, reserved 1179648K
  class space    used 12498K, committed 12864K, reserved 1048576K
}
Event: 147.983 GC heap before
{Heap before GC invocations=131 (full 0):
 garbage-first heap   total 90112K, used 77862K [0x0000000705800000, 0x0000000800000000)
  region size 2048K, 18 young (36864K), 1 survivors (2048K)
 Metaspace       used 96791K, committed 97600K, reserved 1179648K
  class space    used 12498K, committed 12864K, reserved 1048576K
}
Event: 147.984 GC heap after
{Heap after GC invocations=132 (full 0):
 garbage-first heap   total 90112K, used 45086K [0x0000000705800000, 0x0000000800000000)
  region size 2048K, 1 young (2048K), 1 survivors (2048K)
 Metaspace       used 96791K, committed 97600K, reserved 1179648K
  class space    used 12498K, committed 12864K, reserved 1048576K
}

